<?xml version="1.0" encoding="UTF-8"?>
<testng-results skipped="0" failed="0" ignored="0" total="1" passed="1">
  <reporter-output>
  </reporter-output>
  <suite name="Default suite" duration-ms="122" started-at="2019-02-15T09:44:04Z" finished-at="2019-02-15T09:44:04Z">
    <groups>
    </groups>
    <test name="Default test" duration-ms="122" started-at="2019-02-15T09:44:04Z" finished-at="2019-02-15T09:44:04Z">
      <class name="pkgng.class1">
        <test-method status="PASS" signature="trending()[pri:0, instance:pkgng.class1@51565ec2]" name="trending" duration-ms="100" started-at="2019-02-15T09:44:04Z" finished-at="2019-02-15T09:44:04Z">
          <reporter-output>
          </reporter-output>
        </test-method> <!-- trending -->
      </class> <!-- pkgng.class1 -->
    </test> <!-- Default test -->
  </suite> <!-- Default suite -->
</testng-results>
