<?xml version="1.0" encoding="UTF-8"?>
<!-- Generated by org.testng.reporters.JUnitXMLReporter -->
<testsuite hostname="LPCLH-5CD8032ZQW" ignored="0" name="Default test" tests="8" failures="0" timestamp="22 Jan 2019 08:03:45 GMT" time="0.067" errors="0">
  <testcase name="tc1" time="0.017" classname="pkgng.testclass"/>
  <testcase name="tc2" time="0.001" classname="pkgng.testclass"/>
  <testcase name="tc3" time="0.001" classname="pkgng.testclass"/>
  <testcase name="tc4" time="0.002" classname="pkgng.testclass"/>
  <testcase name="tc5" time="0.001" classname="pkgng.testclass"/>
  <testcase name="tc6" time="0.002" classname="pkgng.testclass"/>
  <testcase name="tc7" time="0.001" classname="pkgng.testclass"/>
  <testcase name="tc8" time="0.002" classname="pkgng.testclass"/>
</testsuite> <!-- Default test -->
