<?xml version="1.0" encoding="UTF-8"?>
<!-- Generated by org.testng.reporters.JUnitXMLReporter -->
<testsuite hostname="LPCLH-5CD8032ZQW" ignored="5" name="Test" tests="4" failures="0" timestamp="22 Jan 2019 08:06:26 GMT" time="0.062" errors="0">
  <testcase name="tc1" time="0.011" classname="pkgng.testclass"/>
  <testcase name="tc2" time="0.003" classname="pkgng.testclass"/>
  <testcase name="tc3" time="0.002" classname="pkgng.testclass"/>
  <testcase name="test1" time="0.001" classname="pkgng.testclass2"/>
  <testcase name="tc7" time="0.0" classname="pkgng.testclass">
    <ignored/>
  </testcase> <!-- tc7 -->
  <testcase name="tc8" time="0.0" classname="pkgng.testclass">
    <ignored/>
  </testcase> <!-- tc8 -->
  <testcase name="tc6" time="0.0" classname="pkgng.testclass">
    <ignored/>
  </testcase> <!-- tc6 -->
  <testcase name="tc4" time="0.0" classname="pkgng.testclass">
    <ignored/>
  </testcase> <!-- tc4 -->
  <testcase name="tc5" time="0.0" classname="pkgng.testclass">
    <ignored/>
  </testcase> <!-- tc5 -->
</testsuite> <!-- Test -->
